

Started GET "/" for 127.0.0.1 at 2015-11-24 18:03:18 +0100
Processing by Rails::WelcomeController#index as HTML
  Rendered /home/vivi/.rvm/gems/ruby-2.2.1/gems/railties-4.2.5/lib/rails/templates/rails/welcome/index.html.erb (5.7ms)
Completed 200 OK in 64ms (Views: 35.3ms | ActiveRecord: 0.0ms)


Started GET "/" for 127.0.0.1 at 2015-11-24 19:04:21 +0100
Processing by ArticlesController#index as HTML
  Rendered articles/index.html.erb within layouts/application (16.8ms)
Completed 500 Internal Server Error in 35ms (ActiveRecord: 0.0ms)

ActionView::Template::Error (undefined method `each' for nil:NilClass):
    1: <h1>Liste des articles</h1>
    2: <ul>
    3:   <% @articles.each do |article| %>
    4:     <li><a href="/articles/<%= article.id %>"><%= article.title %></a></li>
    5:   <% end %>
    6: </ul>
  app/views/articles/index.html.erb:3:in `_app_views_articles_index_html_erb___3480994550673977786_42914480'


  Rendered /home/vivi/.rvm/gems/ruby-2.2.1/gems/actionpack-4.2.5/lib/action_dispatch/middleware/templates/rescues/_source.erb (32.9ms)
  Rendered /home/vivi/.rvm/gems/ruby-2.2.1/gems/actionpack-4.2.5/lib/action_dispatch/middleware/templates/rescues/_trace.html.erb (15.2ms)
  Rendered /home/vivi/.rvm/gems/ruby-2.2.1/gems/actionpack-4.2.5/lib/action_dispatch/middleware/templates/rescues/_request_and_response.html.erb (3.3ms)
  Rendered /home/vivi/.rvm/gems/ruby-2.2.1/gems/actionpack-4.2.5/lib/action_dispatch/middleware/templates/rescues/template_error.html.erb within rescues/layout (94.2ms)
  Rendered /home/vivi/.rvm/gems/ruby-2.2.1/gems/web-console-2.2.1/lib/web_console/templates/_markup.html.erb (1.3ms)
  Rendered /home/vivi/.rvm/gems/ruby-2.2.1/gems/web-console-2.2.1/lib/web_console/templates/_inner_console_markup.html.erb within layouts/inlined_string (1.2ms)
  Rendered /home/vivi/.rvm/gems/ruby-2.2.1/gems/web-console-2.2.1/lib/web_console/templates/_prompt_box_markup.html.erb within layouts/inlined_string (1.1ms)
  Rendered /home/vivi/.rvm/gems/ruby-2.2.1/gems/web-console-2.2.1/lib/web_console/templates/style.css.erb within layouts/inlined_string (1.2ms)
  Rendered /home/vivi/.rvm/gems/ruby-2.2.1/gems/web-console-2.2.1/lib/web_console/templates/console.js.erb within layouts/javascript (64.2ms)
  Rendered /home/vivi/.rvm/gems/ruby-2.2.1/gems/web-console-2.2.1/lib/web_console/templates/main.js.erb within layouts/javascript (1.2ms)
  Rendered /home/vivi/.rvm/gems/ruby-2.2.1/gems/web-console-2.2.1/lib/web_console/templates/error_page.js.erb within layouts/javascript (1.9ms)
  Rendered /home/vivi/.rvm/gems/ruby-2.2.1/gems/web-console-2.2.1/lib/web_console/templates/index.html.erb (141.4ms)


Started GET "/" for 127.0.0.1 at 2015-11-24 19:05:13 +0100
Processing by ArticlesController#index as HTML
  Rendered articles/index.html.erb within layouts/application (8.0ms)
Completed 500 Internal Server Error in 15ms (ActiveRecord: 0.0ms)

ActionView::Template::Error (undefined method `each' for nil:NilClass):
    1: <h1>Liste des articles</h1>
    2: <ul>
    3:   <% @articles.each do |article| %>
    4:     <li><a href="/articles/<%= article.id %>"><%= article.title %></a></li>
    5:   <% end %>
    6: </ul>
  app/views/articles/index.html.erb:3:in `_app_views_articles_index_html_erb___3480994550673977786_42914480'


  Rendered /home/vivi/.rvm/gems/ruby-2.2.1/gems/actionpack-4.2.5/lib/action_dispatch/middleware/templates/rescues/_source.erb (32.6ms)
  Rendered /home/vivi/.rvm/gems/ruby-2.2.1/gems/actionpack-4.2.5/lib/action_dispatch/middleware/templates/rescues/_trace.html.erb (13.0ms)
  Rendered /home/vivi/.rvm/gems/ruby-2.2.1/gems/actionpack-4.2.5/lib/action_dispatch/middleware/templates/rescues/_request_and_response.html.erb (3.6ms)
  Rendered /home/vivi/.rvm/gems/ruby-2.2.1/gems/actionpack-4.2.5/lib/action_dispatch/middleware/templates/rescues/template_error.html.erb within rescues/layout (90.7ms)
  Rendered /home/vivi/.rvm/gems/ruby-2.2.1/gems/web-console-2.2.1/lib/web_console/templates/_markup.html.erb (1.5ms)
  Rendered /home/vivi/.rvm/gems/ruby-2.2.1/gems/web-console-2.2.1/lib/web_console/templates/_inner_console_markup.html.erb within layouts/inlined_string (1.3ms)
  Rendered /home/vivi/.rvm/gems/ruby-2.2.1/gems/web-console-2.2.1/lib/web_console/templates/_prompt_box_markup.html.erb within layouts/inlined_string (2.0ms)
  Rendered /home/vivi/.rvm/gems/ruby-2.2.1/gems/web-console-2.2.1/lib/web_console/templates/style.css.erb within layouts/inlined_string (1.6ms)
  Rendered /home/vivi/.rvm/gems/ruby-2.2.1/gems/web-console-2.2.1/lib/web_console/templates/console.js.erb within layouts/javascript (63.6ms)
  Rendered /home/vivi/.rvm/gems/ruby-2.2.1/gems/web-console-2.2.1/lib/web_console/templates/main.js.erb within layouts/javascript (1.2ms)
  Rendered /home/vivi/.rvm/gems/ruby-2.2.1/gems/web-console-2.2.1/lib/web_console/templates/error_page.js.erb within layouts/javascript (1.4ms)
  Rendered /home/vivi/.rvm/gems/ruby-2.2.1/gems/web-console-2.2.1/lib/web_console/templates/index.html.erb (129.0ms)


Started GET "/" for 127.0.0.1 at 2015-11-24 19:06:36 +0100
Processing by ArticlesController#index as HTML
  Rendered articles/index.html.erb within layouts/application (17.2ms)
Completed 500 Internal Server Error in 27ms (ActiveRecord: 0.0ms)

ActionView::Template::Error (undefined method `each' for nil:NilClass):
    1: <h1>Liste des articles</h1>
    2: <ul>
    3:   <% @articles.each do |article| %>
    4:     <li><a href="/articles/<%= article.id %>"><%= article.title %></a></li>
    5:   <% end %>
    6: </ul>
  app/views/articles/index.html.erb:3:in `_app_views_articles_index_html_erb___3480994550673977786_41767980'


  Rendered /home/vivi/.rvm/gems/ruby-2.2.1/gems/actionpack-4.2.5/lib/action_dispatch/middleware/templates/rescues/_source.erb (31.8ms)
  Rendered /home/vivi/.rvm/gems/ruby-2.2.1/gems/actionpack-4.2.5/lib/action_dispatch/middleware/templates/rescues/_trace.html.erb (13.4ms)
  Rendered /home/vivi/.rvm/gems/ruby-2.2.1/gems/actionpack-4.2.5/lib/action_dispatch/middleware/templates/rescues/_request_and_response.html.erb (3.9ms)
  Rendered /home/vivi/.rvm/gems/ruby-2.2.1/gems/actionpack-4.2.5/lib/action_dispatch/middleware/templates/rescues/template_error.html.erb within rescues/layout (92.5ms)
  Rendered /home/vivi/.rvm/gems/ruby-2.2.1/gems/web-console-2.2.1/lib/web_console/templates/_markup.html.erb (1.9ms)
  Rendered /home/vivi/.rvm/gems/ruby-2.2.1/gems/web-console-2.2.1/lib/web_console/templates/_inner_console_markup.html.erb within layouts/inlined_string (1.2ms)
  Rendered /home/vivi/.rvm/gems/ruby-2.2.1/gems/web-console-2.2.1/lib/web_console/templates/_prompt_box_markup.html.erb within layouts/inlined_string (1.0ms)
  Rendered /home/vivi/.rvm/gems/ruby-2.2.1/gems/web-console-2.2.1/lib/web_console/templates/style.css.erb within layouts/inlined_string (1.6ms)
  Rendered /home/vivi/.rvm/gems/ruby-2.2.1/gems/web-console-2.2.1/lib/web_console/templates/console.js.erb within layouts/javascript (54.7ms)
  Rendered /home/vivi/.rvm/gems/ruby-2.2.1/gems/web-console-2.2.1/lib/web_console/templates/main.js.erb within layouts/javascript (2.6ms)
  Rendered /home/vivi/.rvm/gems/ruby-2.2.1/gems/web-console-2.2.1/lib/web_console/templates/error_page.js.erb within layouts/javascript (2.5ms)
  Rendered /home/vivi/.rvm/gems/ruby-2.2.1/gems/web-console-2.2.1/lib/web_console/templates/index.html.erb (113.5ms)


Started GET "/" for 127.0.0.1 at 2015-11-24 19:15:31 +0100
Processing by ArticlesController#index as HTML
  Rendered articles/index.html.erb within layouts/application (5.7ms)
Completed 500 Internal Server Error in 19ms (ActiveRecord: 0.0ms)

ActionView::Template::Error (undefined method `each' for nil:NilClass):
    1: <h1>Liste des articles</h1>
    2: <ul>
    3:   <% @articles.each do |article| %>
    4:     <li><a href="/articles/<%= article.id %>"><%= article.title %></a></li>
    5:   <% end %>
    6: </ul>
  app/views/articles/index.html.erb:3:in `_app_views_articles_index_html_erb___3480994550673977786_41767980'


  Rendered /home/vivi/.rvm/gems/ruby-2.2.1/gems/actionpack-4.2.5/lib/action_dispatch/middleware/templates/rescues/_source.erb (31.0ms)
  Rendered /home/vivi/.rvm/gems/ruby-2.2.1/gems/actionpack-4.2.5/lib/action_dispatch/middleware/templates/rescues/_trace.html.erb (13.4ms)
  Rendered /home/vivi/.rvm/gems/ruby-2.2.1/gems/actionpack-4.2.5/lib/action_dispatch/middleware/templates/rescues/_request_and_response.html.erb (3.7ms)
  Rendered /home/vivi/.rvm/gems/ruby-2.2.1/gems/actionpack-4.2.5/lib/action_dispatch/middleware/templates/rescues/template_error.html.erb within rescues/layout (91.9ms)
  Rendered /home/vivi/.rvm/gems/ruby-2.2.1/gems/web-console-2.2.1/lib/web_console/templates/_markup.html.erb (1.3ms)
  Rendered /home/vivi/.rvm/gems/ruby-2.2.1/gems/web-console-2.2.1/lib/web_console/templates/_inner_console_markup.html.erb within layouts/inlined_string (1.7ms)
  Rendered /home/vivi/.rvm/gems/ruby-2.2.1/gems/web-console-2.2.1/lib/web_console/templates/_prompt_box_markup.html.erb within layouts/inlined_string (1.0ms)
  Rendered /home/vivi/.rvm/gems/ruby-2.2.1/gems/web-console-2.2.1/lib/web_console/templates/style.css.erb within layouts/inlined_string (1.3ms)
  Rendered /home/vivi/.rvm/gems/ruby-2.2.1/gems/web-console-2.2.1/lib/web_console/templates/console.js.erb within layouts/javascript (57.0ms)
  Rendered /home/vivi/.rvm/gems/ruby-2.2.1/gems/web-console-2.2.1/lib/web_console/templates/main.js.erb within layouts/javascript (1.3ms)
  Rendered /home/vivi/.rvm/gems/ruby-2.2.1/gems/web-console-2.2.1/lib/web_console/templates/error_page.js.erb within layouts/javascript (2.2ms)
  Rendered /home/vivi/.rvm/gems/ruby-2.2.1/gems/web-console-2.2.1/lib/web_console/templates/index.html.erb (115.6ms)


Started POST "/console/repl_sessions/168f30e7b8112a799c66a1acb0fe5d82/trace" for 127.0.0.1 at 2015-11-24 19:19:29 +0100


Started POST "/console/repl_sessions/168f30e7b8112a799c66a1acb0fe5d82/trace" for 127.0.0.1 at 2015-11-24 19:19:32 +0100


Started GET "/" for 127.0.0.1 at 2015-11-24 19:20:54 +0100
Processing by ArticlesController#index as HTML
  Rendered articles/index.html.erb within layouts/application (5.3ms)
Completed 500 Internal Server Error in 27ms (ActiveRecord: 0.0ms)

ActionView::Template::Error (undefined method `each' for nil:NilClass):
    1: <h1>Liste des articles</h1>
    2: <ul>
    3:   <% @articles.each do |article| %>
    4:     <li><a href="/articles/<%= article.id %>"><%= article.title %></a></li>
    5:   <% end %>
    6: </ul>
  app/views/articles/index.html.erb:3:in `_app_views_articles_index_html_erb___3480994550673977786_41767980'


  Rendered /home/vivi/.rvm/gems/ruby-2.2.1/gems/actionpack-4.2.5/lib/action_dispatch/middleware/templates/rescues/_source.erb (37.6ms)
  Rendered /home/vivi/.rvm/gems/ruby-2.2.1/gems/actionpack-4.2.5/lib/action_dispatch/middleware/templates/rescues/_trace.html.erb (12.7ms)
  Rendered /home/vivi/.rvm/gems/ruby-2.2.1/gems/actionpack-4.2.5/lib/action_dispatch/middleware/templates/rescues/_request_and_response.html.erb (4.1ms)
  Rendered /home/vivi/.rvm/gems/ruby-2.2.1/gems/actionpack-4.2.5/lib/action_dispatch/middleware/templates/rescues/template_error.html.erb within rescues/layout (97.2ms)
  Rendered /home/vivi/.rvm/gems/ruby-2.2.1/gems/web-console-2.2.1/lib/web_console/templates/_markup.html.erb (2.5ms)
  Rendered /home/vivi/.rvm/gems/ruby-2.2.1/gems/web-console-2.2.1/lib/web_console/templates/_inner_console_markup.html.erb within layouts/inlined_string (1.3ms)
  Rendered /home/vivi/.rvm/gems/ruby-2.2.1/gems/web-console-2.2.1/lib/web_console/templates/_prompt_box_markup.html.erb within layouts/inlined_string (2.2ms)
  Rendered /home/vivi/.rvm/gems/ruby-2.2.1/gems/web-console-2.2.1/lib/web_console/templates/style.css.erb within layouts/inlined_string (1.3ms)
  Rendered /home/vivi/.rvm/gems/ruby-2.2.1/gems/web-console-2.2.1/lib/web_console/templates/console.js.erb within layouts/javascript (58.1ms)
  Rendered /home/vivi/.rvm/gems/ruby-2.2.1/gems/web-console-2.2.1/lib/web_console/templates/main.js.erb within layouts/javascript (1.7ms)
  Rendered /home/vivi/.rvm/gems/ruby-2.2.1/gems/web-console-2.2.1/lib/web_console/templates/error_page.js.erb within layouts/javascript (1.4ms)
  Rendered /home/vivi/.rvm/gems/ruby-2.2.1/gems/web-console-2.2.1/lib/web_console/templates/index.html.erb (119.8ms)


Started GET "/" for 127.0.0.1 at 2015-11-24 19:24:22 +0100
Processing by ArticlesController#index as HTML
Completed 500 Internal Server Error in 6ms (ActiveRecord: 0.0ms)

NameError (uninitialized constant ArticlesController::Article):
  app/controllers/articles_controller.rb:3:in `index'


  Rendered /home/vivi/.rvm/gems/ruby-2.2.1/gems/actionpack-4.2.5/lib/action_dispatch/middleware/templates/rescues/_source.erb (24.4ms)
  Rendered /home/vivi/.rvm/gems/ruby-2.2.1/gems/actionpack-4.2.5/lib/action_dispatch/middleware/templates/rescues/_trace.html.erb (12.1ms)
  Rendered /home/vivi/.rvm/gems/ruby-2.2.1/gems/actionpack-4.2.5/lib/action_dispatch/middleware/templates/rescues/_request_and_response.html.erb (3.8ms)
  Rendered /home/vivi/.rvm/gems/ruby-2.2.1/gems/actionpack-4.2.5/lib/action_dispatch/middleware/templates/rescues/diagnostics.html.erb within rescues/layout (86.7ms)
  Rendered /home/vivi/.rvm/gems/ruby-2.2.1/gems/web-console-2.2.1/lib/web_console/templates/_markup.html.erb (1.4ms)
  Rendered /home/vivi/.rvm/gems/ruby-2.2.1/gems/web-console-2.2.1/lib/web_console/templates/_inner_console_markup.html.erb within layouts/inlined_string (1.3ms)
  Rendered /home/vivi/.rvm/gems/ruby-2.2.1/gems/web-console-2.2.1/lib/web_console/templates/_prompt_box_markup.html.erb within layouts/inlined_string (1.2ms)
  Rendered /home/vivi/.rvm/gems/ruby-2.2.1/gems/web-console-2.2.1/lib/web_console/templates/style.css.erb within layouts/inlined_string (1.2ms)
  Rendered /home/vivi/.rvm/gems/ruby-2.2.1/gems/web-console-2.2.1/lib/web_console/templates/console.js.erb within layouts/javascript (65.1ms)
  Rendered /home/vivi/.rvm/gems/ruby-2.2.1/gems/web-console-2.2.1/lib/web_console/templates/main.js.erb within layouts/javascript (2.2ms)
  Rendered /home/vivi/.rvm/gems/ruby-2.2.1/gems/web-console-2.2.1/lib/web_console/templates/error_page.js.erb within layouts/javascript (7.2ms)
  Rendered /home/vivi/.rvm/gems/ruby-2.2.1/gems/web-console-2.2.1/lib/web_console/templates/index.html.erb (158.9ms)


Started GET "/" for 127.0.0.1 at 2015-11-24 19:27:24 +0100
Processing by ArticlesController#index as HTML
  [1m[36mArticle Load (5.8ms)[0m  [1mSELECT "articles".* FROM "articles"[0m
  Rendered articles/index.html.erb within layouts/application (14.1ms)
Completed 500 Internal Server Error in 179ms (ActiveRecord: 5.8ms)

ActionView::Template::Error (SQLite3::SQLException: no such table: articles: SELECT "articles".* FROM "articles"):
    1: <h1>Liste des articles</h1>
    2: <ul>
    3:   <% @articles.each do |article| %>
    4:     <li><a href="/articles/<%= article.id %>"><%= article.title %></a></li>
    5:   <% end %>
    6: </ul>
  app/views/articles/index.html.erb:3:in `_app_views_articles_index_html_erb___3480994550673977786_41767980'


  Rendered /home/vivi/.rvm/gems/ruby-2.2.1/gems/actionpack-4.2.5/lib/action_dispatch/middleware/templates/rescues/_source.erb (39.3ms)
  Rendered /home/vivi/.rvm/gems/ruby-2.2.1/gems/actionpack-4.2.5/lib/action_dispatch/middleware/templates/rescues/_trace.html.erb (14.9ms)
  Rendered /home/vivi/.rvm/gems/ruby-2.2.1/gems/actionpack-4.2.5/lib/action_dispatch/middleware/templates/rescues/_request_and_response.html.erb (3.3ms)
  Rendered /home/vivi/.rvm/gems/ruby-2.2.1/gems/actionpack-4.2.5/lib/action_dispatch/middleware/templates/rescues/template_error.html.erb within rescues/layout (99.2ms)
  Rendered /home/vivi/.rvm/gems/ruby-2.2.1/gems/web-console-2.2.1/lib/web_console/templates/_markup.html.erb (1.5ms)
  Rendered /home/vivi/.rvm/gems/ruby-2.2.1/gems/web-console-2.2.1/lib/web_console/templates/_inner_console_markup.html.erb within layouts/inlined_string (1.3ms)
  Rendered /home/vivi/.rvm/gems/ruby-2.2.1/gems/web-console-2.2.1/lib/web_console/templates/_prompt_box_markup.html.erb within layouts/inlined_string (1.2ms)
  Rendered /home/vivi/.rvm/gems/ruby-2.2.1/gems/web-console-2.2.1/lib/web_console/templates/style.css.erb within layouts/inlined_string (1.2ms)
  Rendered /home/vivi/.rvm/gems/ruby-2.2.1/gems/web-console-2.2.1/lib/web_console/templates/console.js.erb within layouts/javascript (56.2ms)
  Rendered /home/vivi/.rvm/gems/ruby-2.2.1/gems/web-console-2.2.1/lib/web_console/templates/main.js.erb within layouts/javascript (1.1ms)
  Rendered /home/vivi/.rvm/gems/ruby-2.2.1/gems/web-console-2.2.1/lib/web_console/templates/error_page.js.erb within layouts/javascript (1.5ms)
  Rendered /home/vivi/.rvm/gems/ruby-2.2.1/gems/web-console-2.2.1/lib/web_console/templates/index.html.erb (110.8ms)


Started GET "/" for 127.0.0.1 at 2015-11-24 19:28:27 +0100
  [1m[35mActiveRecord::SchemaMigration Load (0.5ms)[0m  SELECT "schema_migrations".* FROM "schema_migrations"
Processing by ArticlesController#index as HTML
  [1m[36mArticle Load (0.7ms)[0m  [1mSELECT "articles".* FROM "articles"[0m
  Rendered articles/index.html.erb within layouts/application (14.9ms)
Completed 200 OK in 2959ms (Views: 2949.8ms | ActiveRecord: 2.2ms)


Started GET "/assets/application.self-e80e8f2318043e8af94dddc2adad5a4f09739a8ebb323b3ab31cd71d45fd9113.css?body=1" for 127.0.0.1 at 2015-11-24 19:28:30 +0100


Started GET "/assets/jquery.self-a714331225dda820228db323939889f149aec0127aeb06255646b616ba1ca419.js?body=1" for 127.0.0.1 at 2015-11-24 19:28:30 +0100


Started GET "/assets/turbolinks.self-c37727e9bd6b2735da5c311aa83fead54ed0be6cc8bd9a65309e9c5abe2cbfff.js?body=1" for 127.0.0.1 at 2015-11-24 19:28:30 +0100


Started GET "/assets/application.self-3b8dabdc891efe46b9a144b400ad69e37d7e5876bdc39dee783419a69d7ca819.js?body=1" for 127.0.0.1 at 2015-11-24 19:28:30 +0100


Started GET "/assets/jquery_ujs.self-d456baa54c1fa6be2ec3711f0a72ddf7a5b2f34a6b4f515f33767d6207b7d4b3.js?body=1" for 127.0.0.1 at 2015-11-24 19:28:30 +0100


Started GET "/articles/1" for 127.0.0.1 at 2015-11-24 19:28:33 +0100
Processing by ArticlesController#show as HTML
  Parameters: {"id"=>"1"}
  [1m[35mArticle Load (0.7ms)[0m  SELECT  "articles".* FROM "articles" WHERE "articles"."id" = ? LIMIT 1  [["id", 1]]
  Rendered articles/show.html.erb within layouts/application (1.7ms)
Completed 200 OK in 217ms (Views: 158.0ms | ActiveRecord: 0.7ms)


Started GET "/articles/2" for 127.0.0.1 at 2015-11-24 19:28:37 +0100
Processing by ArticlesController#show as HTML
  Parameters: {"id"=>"2"}
  [1m[36mArticle Load (0.3ms)[0m  [1mSELECT  "articles".* FROM "articles" WHERE "articles"."id" = ? LIMIT 1[0m  [["id", 2]]
  Rendered articles/show.html.erb within layouts/application (0.4ms)
Completed 200 OK in 142ms (Views: 130.3ms | ActiveRecord: 0.3ms)


Started GET "/articles/3" for 127.0.0.1 at 2015-11-24 19:28:41 +0100
Processing by ArticlesController#show as HTML
  Parameters: {"id"=>"3"}
  [1m[35mArticle Load (0.6ms)[0m  SELECT  "articles".* FROM "articles" WHERE "articles"."id" = ? LIMIT 1  [["id", 3]]
  Rendered articles/show.html.erb within layouts/application (0.3ms)
Completed 200 OK in 116ms (Views: 111.8ms | ActiveRecord: 0.6ms)


Started GET "/" for 127.0.0.1 at 2015-11-24 19:28:44 +0100
Processing by ArticlesController#index as HTML
  [1m[36mArticle Load (0.5ms)[0m  [1mSELECT "articles".* FROM "articles"[0m
  Rendered articles/index.html.erb within layouts/application (5.5ms)
Completed 200 OK in 128ms (Views: 124.5ms | ActiveRecord: 0.5ms)


Started GET "/articles/1" for 127.0.0.1 at 2015-11-24 19:31:26 +0100
Processing by ArticlesController#show as HTML
  Parameters: {"id"=>"1"}
  [1m[35mArticle Load (0.3ms)[0m  SELECT  "articles".* FROM "articles" WHERE "articles"."id" = ? LIMIT 1  [["id", 1]]
  Rendered articles/show.html.erb within layouts/application (0.3ms)
Completed 200 OK in 113ms (Views: 109.1ms | ActiveRecord: 0.3ms)


Started GET "/" for 127.0.0.1 at 2015-11-24 19:32:21 +0100
Processing by ArticlesController#index as HTML
  [1m[36mArticle Load (0.5ms)[0m  [1mSELECT "articles".* FROM "articles"[0m
  Rendered articles/index.html.erb within layouts/application (2.8ms)
Completed 200 OK in 101ms (Views: 99.0ms | ActiveRecord: 0.5ms)


Started GET "/articles/1" for 127.0.0.1 at 2015-11-24 19:35:10 +0100
Processing by ArticlesController#show as HTML
  Parameters: {"id"=>"1"}
  [1m[35mArticle Load (0.3ms)[0m  SELECT  "articles".* FROM "articles" WHERE "articles"."id" = ? LIMIT 1  [["id", 1]]
  Rendered articles/show.html.erb within layouts/application (0.3ms)
Completed 200 OK in 111ms (Views: 107.3ms | ActiveRecord: 0.3ms)


Started GET "/" for 127.0.0.1 at 2015-11-24 19:35:12 +0100
Processing by ArticlesController#index as HTML
  [1m[36mArticle Load (1.1ms)[0m  [1mSELECT "articles".* FROM "articles"[0m
  Rendered articles/index.html.erb within layouts/application (4.1ms)
Completed 200 OK in 99ms (Views: 96.2ms | ActiveRecord: 1.1ms)


Started GET "/articles/3" for 127.0.0.1 at 2015-11-24 19:35:14 +0100
Processing by ArticlesController#show as HTML
  Parameters: {"id"=>"3"}
  [1m[35mArticle Load (0.3ms)[0m  SELECT  "articles".* FROM "articles" WHERE "articles"."id" = ? LIMIT 1  [["id", 3]]
  Rendered articles/show.html.erb within layouts/application (0.3ms)
Completed 200 OK in 97ms (Views: 93.4ms | ActiveRecord: 0.3ms)


Started GET "/" for 127.0.0.1 at 2015-11-24 19:35:16 +0100
Processing by ArticlesController#index as HTML
  [1m[36mArticle Load (0.5ms)[0m  [1mSELECT "articles".* FROM "articles"[0m
  Rendered articles/index.html.erb within layouts/application (8.9ms)
Completed 200 OK in 104ms (Views: 101.0ms | ActiveRecord: 0.5ms)


Started GET "/articles/1" for 127.0.0.1 at 2015-11-24 19:38:38 +0100
Processing by ArticlesController#show as HTML
  Parameters: {"id"=>"1"}
  [1m[35mArticle Load (0.3ms)[0m  SELECT  "articles".* FROM "articles" WHERE "articles"."id" = ? LIMIT 1  [["id", 1]]
  Rendered articles/show.html.erb within layouts/application (0.3ms)
Completed 200 OK in 113ms (Views: 105.2ms | ActiveRecord: 0.3ms)


Started GET "/articles/" for 127.0.0.1 at 2015-11-24 19:39:49 +0100

ActionController::RoutingError (No route matches [GET] "/articles"):
  actionpack (4.2.5) lib/action_dispatch/middleware/debug_exceptions.rb:21:in `call'
  web-console (2.2.1) lib/web_console/middleware.rb:39:in `call'
  actionpack (4.2.5) lib/action_dispatch/middleware/show_exceptions.rb:30:in `call'
  railties (4.2.5) lib/rails/rack/logger.rb:38:in `call_app'
  railties (4.2.5) lib/rails/rack/logger.rb:20:in `block in call'
  activesupport (4.2.5) lib/active_support/tagged_logging.rb:68:in `block in tagged'
  activesupport (4.2.5) lib/active_support/tagged_logging.rb:26:in `tagged'
  activesupport (4.2.5) lib/active_support/tagged_logging.rb:68:in `tagged'
  railties (4.2.5) lib/rails/rack/logger.rb:20:in `call'
  actionpack (4.2.5) lib/action_dispatch/middleware/request_id.rb:21:in `call'
  rack (1.6.4) lib/rack/methodoverride.rb:22:in `call'
  rack (1.6.4) lib/rack/runtime.rb:18:in `call'
  activesupport (4.2.5) lib/active_support/cache/strategy/local_cache_middleware.rb:28:in `call'
  rack (1.6.4) lib/rack/lock.rb:17:in `call'
  actionpack (4.2.5) lib/action_dispatch/middleware/static.rb:116:in `call'
  rack (1.6.4) lib/rack/sendfile.rb:113:in `call'
  railties (4.2.5) lib/rails/engine.rb:518:in `call'
  railties (4.2.5) lib/rails/application.rb:165:in `call'
  rack (1.6.4) lib/rack/lock.rb:17:in `call'
  rack (1.6.4) lib/rack/content_length.rb:15:in `call'
  rack (1.6.4) lib/rack/handler/webrick.rb:88:in `service'
  /home/vivi/.rvm/rubies/ruby-2.2.1/lib/ruby/2.2.0/webrick/httpserver.rb:138:in `service'
  /home/vivi/.rvm/rubies/ruby-2.2.1/lib/ruby/2.2.0/webrick/httpserver.rb:94:in `run'
  /home/vivi/.rvm/rubies/ruby-2.2.1/lib/ruby/2.2.0/webrick/server.rb:294:in `block in start_thread'


  Rendered /home/vivi/.rvm/gems/ruby-2.2.1/gems/actionpack-4.2.5/lib/action_dispatch/middleware/templates/rescues/_trace.html.erb (6.8ms)
  Rendered /home/vivi/.rvm/gems/ruby-2.2.1/gems/actionpack-4.2.5/lib/action_dispatch/middleware/templates/routes/_route.html.erb (5.9ms)
  Rendered /home/vivi/.rvm/gems/ruby-2.2.1/gems/actionpack-4.2.5/lib/action_dispatch/middleware/templates/routes/_table.html.erb (29.5ms)
  Rendered /home/vivi/.rvm/gems/ruby-2.2.1/gems/actionpack-4.2.5/lib/action_dispatch/middleware/templates/rescues/_request_and_response.html.erb (6.9ms)
  Rendered /home/vivi/.rvm/gems/ruby-2.2.1/gems/actionpack-4.2.5/lib/action_dispatch/middleware/templates/rescues/routing_error.html.erb within rescues/layout (122.9ms)
  Rendered /home/vivi/.rvm/gems/ruby-2.2.1/gems/web-console-2.2.1/lib/web_console/templates/_markup.html.erb (4.1ms)
  Rendered /home/vivi/.rvm/gems/ruby-2.2.1/gems/web-console-2.2.1/lib/web_console/templates/_inner_console_markup.html.erb within layouts/inlined_string (1.8ms)
  Rendered /home/vivi/.rvm/gems/ruby-2.2.1/gems/web-console-2.2.1/lib/web_console/templates/_prompt_box_markup.html.erb within layouts/inlined_string (1.1ms)
  Rendered /home/vivi/.rvm/gems/ruby-2.2.1/gems/web-console-2.2.1/lib/web_console/templates/style.css.erb within layouts/inlined_string (1.8ms)
  Rendered /home/vivi/.rvm/gems/ruby-2.2.1/gems/web-console-2.2.1/lib/web_console/templates/console.js.erb within layouts/javascript (60.3ms)
  Rendered /home/vivi/.rvm/gems/ruby-2.2.1/gems/web-console-2.2.1/lib/web_console/templates/main.js.erb within layouts/javascript (1.2ms)
  Rendered /home/vivi/.rvm/gems/ruby-2.2.1/gems/web-console-2.2.1/lib/web_console/templates/error_page.js.erb within layouts/javascript (1.4ms)
  Rendered /home/vivi/.rvm/gems/ruby-2.2.1/gems/web-console-2.2.1/lib/web_console/templates/index.html.erb (135.0ms)


Started GET "/" for 127.0.0.1 at 2015-11-27 23:20:31 +0100
  [1m[36mActiveRecord::SchemaMigration Load (0.7ms)[0m  [1mSELECT "schema_migrations".* FROM "schema_migrations"[0m
Processing by ArticlesController#index as HTML
  [1m[35mArticle Load (0.7ms)[0m  SELECT "articles".* FROM "articles"
  Rendered articles/index.html.erb within layouts/application (32.6ms)
Completed 200 OK in 939ms (Views: 885.1ms | ActiveRecord: 2.8ms)


Started GET "/articles/1" for 127.0.0.1 at 2015-11-27 23:20:35 +0100
Processing by ArticlesController#show as HTML
  Parameters: {"id"=>"1"}
  [1m[36mArticle Load (0.7ms)[0m  [1mSELECT  "articles".* FROM "articles" WHERE "articles"."id" = ? LIMIT 1[0m  [["id", 1]]
  Rendered articles/show.html.erb within layouts/application (1.6ms)
Completed 200 OK in 167ms (Views: 105.4ms | ActiveRecord: 0.7ms)


Started GET "/" for 127.0.0.1 at 2015-11-27 23:20:38 +0100
Processing by ArticlesController#index as HTML
  [1m[35mArticle Load (3.4ms)[0m  SELECT "articles".* FROM "articles"
  Rendered articles/index.html.erb within layouts/application (7.8ms)
Completed 200 OK in 101ms (Views: 94.3ms | ActiveRecord: 3.4ms)


Started GET "/" for 127.0.0.1 at 2015-12-02 10:01:25 +0100
  [1m[36mActiveRecord::SchemaMigration Load (0.5ms)[0m  [1mSELECT "schema_migrations".* FROM "schema_migrations"[0m
Processing by ArticlesController#index as HTML
  [1m[35mArticle Load (0.5ms)[0m  SELECT "articles".* FROM "articles"
  Rendered articles/index.html.erb within layouts/application (21.0ms)
Completed 200 OK in 902ms (Views: 860.9ms | ActiveRecord: 1.6ms)


Started GET "/articles/1" for 127.0.0.1 at 2015-12-02 10:01:29 +0100
Processing by ArticlesController#show as HTML
  Parameters: {"id"=>"1"}
  [1m[36mArticle Load (0.8ms)[0m  [1mSELECT  "articles".* FROM "articles" WHERE "articles"."id" = ? LIMIT 1[0m  [["id", 1]]
  Rendered articles/show.html.erb within layouts/application (3.1ms)
Completed 200 OK in 153ms (Views: 117.5ms | ActiveRecord: 0.8ms)


Started GET "/favicon.png?v1" for 127.0.0.1 at 2015-12-02 10:01:30 +0100

ActionController::RoutingError (No route matches [GET] "/favicon.png"):
  actionpack (4.2.5) lib/action_dispatch/middleware/debug_exceptions.rb:21:in `call'
  web-console (2.2.1) lib/web_console/middleware.rb:39:in `call'
  actionpack (4.2.5) lib/action_dispatch/middleware/show_exceptions.rb:30:in `call'
  railties (4.2.5) lib/rails/rack/logger.rb:38:in `call_app'
  railties (4.2.5) lib/rails/rack/logger.rb:20:in `block in call'
  activesupport (4.2.5) lib/active_support/tagged_logging.rb:68:in `block in tagged'
  activesupport (4.2.5) lib/active_support/tagged_logging.rb:26:in `tagged'
  activesupport (4.2.5) lib/active_support/tagged_logging.rb:68:in `tagged'
  railties (4.2.5) lib/rails/rack/logger.rb:20:in `call'
  actionpack (4.2.5) lib/action_dispatch/middleware/request_id.rb:21:in `call'
  rack (1.6.4) lib/rack/methodoverride.rb:22:in `call'
  rack (1.6.4) lib/rack/runtime.rb:18:in `call'
  activesupport (4.2.5) lib/active_support/cache/strategy/local_cache_middleware.rb:28:in `call'
  rack (1.6.4) lib/rack/lock.rb:17:in `call'
  actionpack (4.2.5) lib/action_dispatch/middleware/static.rb:116:in `call'
  rack (1.6.4) lib/rack/sendfile.rb:113:in `call'
  railties (4.2.5) lib/rails/engine.rb:518:in `call'
  railties (4.2.5) lib/rails/application.rb:165:in `call'
  rack (1.6.4) lib/rack/lock.rb:17:in `call'
  rack (1.6.4) lib/rack/content_length.rb:15:in `call'
  rack (1.6.4) lib/rack/handler/webrick.rb:88:in `service'
  /home/vivi/.rvm/rubies/ruby-2.2.1/lib/ruby/2.2.0/webrick/httpserver.rb:138:in `service'
  /home/vivi/.rvm/rubies/ruby-2.2.1/lib/ruby/2.2.0/webrick/httpserver.rb:94:in `run'
  /home/vivi/.rvm/rubies/ruby-2.2.1/lib/ruby/2.2.0/webrick/server.rb:294:in `block in start_thread'


  Rendered /home/vivi/.rvm/gems/ruby-2.2.1/gems/actionpack-4.2.5/lib/action_dispatch/middleware/templates/rescues/_trace.html.erb (10.2ms)
  Rendered /home/vivi/.rvm/gems/ruby-2.2.1/gems/actionpack-4.2.5/lib/action_dispatch/middleware/templates/routes/_route.html.erb (4.3ms)
  Rendered /home/vivi/.rvm/gems/ruby-2.2.1/gems/actionpack-4.2.5/lib/action_dispatch/middleware/templates/routes/_table.html.erb (21.6ms)
  Rendered /home/vivi/.rvm/gems/ruby-2.2.1/gems/actionpack-4.2.5/lib/action_dispatch/middleware/templates/rescues/_request_and_response.html.erb (4.6ms)
  Rendered /home/vivi/.rvm/gems/ruby-2.2.1/gems/actionpack-4.2.5/lib/action_dispatch/middleware/templates/rescues/routing_error.html.erb within rescues/layout (116.1ms)
  Rendered /home/vivi/.rvm/gems/ruby-2.2.1/gems/web-console-2.2.1/lib/web_console/templates/_markup.html.erb (1.3ms)
  Rendered /home/vivi/.rvm/gems/ruby-2.2.1/gems/web-console-2.2.1/lib/web_console/templates/_inner_console_markup.html.erb within layouts/inlined_string (1.2ms)
  Rendered /home/vivi/.rvm/gems/ruby-2.2.1/gems/web-console-2.2.1/lib/web_console/templates/_prompt_box_markup.html.erb within layouts/inlined_string (1.2ms)
  Rendered /home/vivi/.rvm/gems/ruby-2.2.1/gems/web-console-2.2.1/lib/web_console/templates/style.css.erb within layouts/inlined_string (1.3ms)
  Rendered /home/vivi/.rvm/gems/ruby-2.2.1/gems/web-console-2.2.1/lib/web_console/templates/console.js.erb within layouts/javascript (56.7ms)
  Rendered /home/vivi/.rvm/gems/ruby-2.2.1/gems/web-console-2.2.1/lib/web_console/templates/main.js.erb within layouts/javascript (1.0ms)
  Rendered /home/vivi/.rvm/gems/ruby-2.2.1/gems/web-console-2.2.1/lib/web_console/templates/error_page.js.erb within layouts/javascript (1.5ms)
  Rendered /home/vivi/.rvm/gems/ruby-2.2.1/gems/web-console-2.2.1/lib/web_console/templates/index.html.erb (113.8ms)


Started GET "/" for 127.0.0.1 at 2015-12-02 10:01:31 +0100
Processing by ArticlesController#index as HTML
  [1m[35mArticle Load (1.1ms)[0m  SELECT "articles".* FROM "articles"
  Rendered articles/index.html.erb within layouts/application (6.3ms)
Completed 200 OK in 110ms (Views: 106.8ms | ActiveRecord: 1.1ms)
